Arguments: 
  C:\Program Files\nodejs\node.exe C:\Program Files (x86)\Yarn\bin\yarn.js add react-responsive-modal

PATH: 
  C:\Users\Taha\bin;C:\Program Files\Git\mingw64\bin;C:\Program Files\Git\usr\local\bin;C:\Program Files\Git\usr\bin;C:\Program Files\Git\usr\bin;C:\Program Files\Git\mingw64\bin;C:\Program Files\Git\usr\bin;C:\Users\Taha\bin;C:\ProgramData\Oracle\Java\javapath;C:\Program Files (x86)\Intel\iCLS Client;C:\Program Files\Intel\iCLS Client;C:\Windows\system32;C:\Windows;C:\Windows\System32\Wbem;C:\Windows\System32\WindowsPowerShell\v1.0;C:\Program Files (x86)\NVIDIA Corporation\PhysX\Common;C:\Program Files (x86)\Intel\Intel(R) Management Engine Components\DAL;C:\Program Files\Intel\Intel(R) Management Engine Components\DAL;C:\Program Files (x86)\Intel\Intel(R) Management Engine Components\IPT;C:\Program Files\Intel\Intel(R) Management Engine Components\IPT;C:\Program Files\Intel\WiFi\bin;C:\Program Files\Common Files\Intel\WirelessCommon;C:\WINDOWS\system32;C:\WINDOWS;C:\WINDOWS\System32\Wbem;C:\WINDOWS\System32\WindowsPowerShell\v1.0;C:\Program Files\Git\cmd;C:\Program Files\nodejs;C:\Program Files (x86)\GtkSharp\2.12\bin;C:\Program Files (x86)\Yarn\bin;C:\Users\Taha\AppData\Local\Programs\Python\Python36-32\Scripts;C:\Users\Taha\AppData\Local\Programs\Python\Python36-32;C:\Users\Taha\AppData\Local\Microsoft\WindowsApps;C:\Users\Taha\AppData\Local\atom\bin;C:\Users\Taha\AppData\Roaming\npm;C:\Program Files\Microsoft VS Code\bin;C:\Users\Taha\AppData\Local\Microsoft\WindowsApps;%DASHLANE_DLL_DIR%;C:\Users\Taha\AppData\Local\Yarn\bin;C:\Program Files\Git\usr\bin\vendor_perl;C:\Program Files\Git\usr\bin\core_perl

Yarn version: 
  1.3.2

Node version: 
  6.11.4

Platform: 
  win32 x64

npm manifest: 
  {
    "name": "Domacare2.0",
    "version": "0.0.1",
    "description": "Tehokasta toiminnanohjausta: Asiakastiedot, laskutus, mobiilijärjestelmä ja tilastointi",
    "repository": {
      "type": "git",
      "url": "git://github.com/react-boilerplate/react-boilerplate.git"
    },
    "engines": {
      "npm": ">=3",
      "node": ">=5"
    },
    "author": "Domacare",
    "license": "Proprietary",
    "scripts": {
      "analyze:clean": "rimraf stats.json",
      "preanalyze": "npm run analyze:clean",
      "analyze": "node ./internals/scripts/analyze.js",
      "extract-intl": "babel-node --presets latest,stage-0 -- ./internals/scripts/extract-intl.js",
      "npmcheckversion": "node ./internals/scripts/npmcheckversion.js",
      "preinstall": "npm run npmcheckversion",
      "postinstall": "npm run build:dll",
      "prebuild": "npm run build:clean",
      "build": "cross-env NODE_ENV=production webpack --config internals/webpack/webpack.prod.babel.js --color -p --progress",
      "build:clean": "npm run test:clean && rimraf ./build",
      "build:dll": "node ./internals/scripts/dependencies.js",
      "start": "cross-env NODE_ENV=development cross-env PORT=443 node server",
      "dev-domaweb": "cross-env NODE_ENV=development cross-env PORT=443 node server",
      "start:tunnel": "cross-env NODE_ENV=development ENABLE_TUNNEL=true node server",
      "start:production": "npm run test && npm run build && npm run start:prod",
      "start:prod": "cross-env NODE_ENV=production node server",
      "presetup": "npm i chalk shelljs",
      "setup": "node ./internals/scripts/setup.js",
      "postsetup": "npm run build:dll",
      "clean": "shjs ./internals/scripts/clean.js",
      "clean:all": "npm run analyze:clean && npm run test:clean && npm run build:clean",
      "generate": "plop --plopfile internals/generators/index.js",
      "lint": "npm run lint:js",
      "lint:eslint": "eslint --ignore-path .gitignore --ignore-pattern internals/scripts",
      "lint:js": "npm run lint:eslint -- . ",
      "lint:staged": "lint-staged",
      "pretest": "npm run test:clean && npm run lint",
      "test:clean": "rimraf ./coverage",
      "test": "cross-env NODE_ENV=test jest --coverage",
      "test:watch": "cross-env NODE_ENV=test jest --watchAll",
      "coveralls": "cat ./coverage/lcov.info | coveralls",
      "storybook": "start-storybook -p 6006",
      "build-storybook": "build-storybook"
    },
    "babel": {
      "presets": [
        [
          "latest",
          {
            "es2015": {
              "modules": false
            }
          }
        ],
        "react",
        "stage-0"
      ],
      "env": {
        "production": {
          "only": [
            "src"
          ],
          "plugins": [
            "transform-react-remove-prop-types",
            "transform-react-constant-elements",
            "transform-react-inline-elements"
          ]
        },
        "test": {
          "plugins": [
            "transform-es2015-modules-commonjs",
            "dynamic-import-node"
          ]
        }
      }
    },
    "eslintConfig": {
      "parser": "babel-eslint",
      "extends": "airbnb",
      "env": {
        "browser": true,
        "node": true,
        "jest": true,
        "es6": true
      },
      "plugins": [
        "redux-saga",
        "react",
        "jsx-a11y"
      ],
      "parserOptions": {
        "ecmaVersion": 6,
        "sourceType": "module",
        "ecmaFeatures": {
          "jsx": true
        }
      },
      "rules": {
        "arrow-parens": [
          "error",
          "always"
        ],
        "arrow-body-style": [
          2,
          "as-needed"
        ],
        "comma-dangle": [
          2,
          "always-multiline"
        ],
        "import/imports-first": 0,
        "import/newline-after-import": 0,
        "import/no-dynamic-require": 0,
        "import/no-extraneous-dependencies": 0,
        "import/no-named-as-default": 0,
        "import/no-unresolved": 2,
        "import/prefer-default-export": 0,
        "indent": [
          2,
          2,
          {
            "SwitchCase": 1
          }
        ],
        "jsx-a11y/aria-props": 2,
        "jsx-a11y/heading-has-content": 0,
        "jsx-a11y/href-no-hash": 2,
        "jsx-a11y/label-has-for": 2,
        "jsx-a11y/mouse-events-have-key-events": 2,
        "jsx-a11y/role-has-required-aria-props": 2,
        "jsx-a11y/role-supports-aria-props": 2,
        "max-len": 0,
        "newline-per-chained-call": 0,
        "no-confusing-arrow": 0,
        "no-console": 1,
        "no-use-before-define": 0,
        "prefer-template": 2,
        "class-methods-use-this": 0,
        "react/forbid-prop-types": 0,
        "react/jsx-first-prop-new-line": [
          2,
          "multiline"
        ],
        "react/jsx-filename-extension": 0,
        "react/jsx-no-target-blank": 0,
        "react/require-extension": 0,
        "react/self-closing-comp": 0,
        "redux-saga/no-yield-in-race": 2,
        "redux-saga/yield-effects": 2,
        "require-yield": 0,
        "import/no-webpack-loader-syntax": 0
      },
      "settings": {
        "import/resolver": {
          "webpack": {
            "config": "./internals/webpack/webpack.prod.babel.js"
          }
        }
      }
    },
    "dllPlugin": {
      "path": "node_modules/react-boilerplate-dlls",
      "exclude": [
        "chalk",
        "compression",
        "cross-env",
        "express",
        "ip",
        "minimist",
        "sanitize.css"
      ],
      "include": [
        "core-js",
        "lodash",
        "eventsource-polyfill"
      ]
    },
    "jest": {
      "collectCoverageFrom": [
        "src/**/*.{js,jsx}",
        "!src/**/*.test.{js,jsx}",
        "!src/*/RbGenerated*/*.{js,jsx}",
        "!src/main.js",
        "!src/routes.js"
      ],
      "coverageThreshold": {
        "global": {
          "statements": 98,
          "branches": 91,
          "functions": 98,
          "lines": 98
        }
      },
      "moduleDirectories": [
        "node_modules",
        "src"
      ],
      "moduleNameMapper": {
        ".*\\.(css|less|styl|scss|sass)$": "<rootDir>/internals/mocks/cssModule.js",
        ".*\\.(jpg|jpeg|png|gif|eot|otf|webp|svg|ttf|woff|woff2|mp4|webm|wav|mp3|m4a|aac|oga)$": "<rootDir>/internals/mocks/image.js"
      },
      "setupTestFrameworkScriptFile": "<rootDir>/internals/testing/test-bundler.js",
      "testRegex": "tests/.*\\.test\\.js$"
    },
    "dependencies": {
      "babel-polyfill": "6.20.0",
      "bootstrap": "^3.3.7",
      "bourbon": "^4.3.4",
      "chalk": "1.1.3",
      "classnames": "^2.2.5",
      "compass-mixins": "^0.12.10",
      "compression": "1.6.2",
      "cross-env": "3.1.3",
      "express": "4.14.0",
      "fontfaceobserver": "2.0.7",
      "immutable": "3.8.1",
      "input-moment": "^0.3.5",
      "intl": "1.2.5",
      "invariant": "2.2.2",
      "ip": "1.1.4",
      "lodash": "4.17.2",
      "minimist": "1.2.0",
      "moment": "^2.19.1",
      "normalizr": "^3.2.3",
      "prop-types": "^15.6.0",
      "rc-slider": "^8.3.5",
      "rc-time-picker": "^3.2.1",
      "react": "^16.0.0",
      "react-bootstrap": "^0.31.2",
      "react-calendar-timeline": "^0.15.1",
      "react-datepicker": "^0.53.0",
      "react-datetime": "^2.10.1",
      "react-dom": "^16.0.0",
      "react-helmet": "3.2.2",
      "react-icons-kit": "^1.0.7",
      "react-input-color": "^1.7.2",
      "react-input-range": "^1.2.1",
      "react-intl": "2.4.0",
      "react-loadable": "^5.3.0",
      "react-loading": "^0.1.4",
      "react-lottie": "^0.2.4",
      "react-redux": "^4.4.8",
      "react-responsive-modal": "^1.9.4",
      "react-router": "3.2.0",
      "react-router-bootstrap": "^0.23.3",
      "react-router-redux": "4.0.6",
      "react-router-scroll": "0.4.3",
      "react-sidebar": "^2.3.2",
      "react-slider-menu": "^0.2.3",
      "react-spinkit": "^3.0.0",
      "react-split-pane": "^0.1.68",
      "react-times": "^2.2.8",
      "react-tooltip": "^3.3.0",
      "redux": "3.6.0",
      "redux-immutable": "3.0.8",
      "redux-saga": "0.14.0",
      "reselect": "2.5.4",
      "resolve-url-loader": "^2.1.0",
      "sanitize.css": "4.1.0",
      "superagent": "^3.6.0",
      "warning": "3.0.0",
      "whatwg-fetch": "2.0.1"
    },
    "devDependencies": {
      "@storybook/addon-actions": "^3.2.16",
      "@storybook/addon-info": "^3.2.17",
      "@storybook/addon-knobs": "^3.2.17",
      "@storybook/addon-links": "^3.2.16",
      "@storybook/addon-options": "^3.2.17",
      "@storybook/react": "^3.2.16",
      "babel-cli": "6.18.0",
      "babel-core": "6.21.0",
      "babel-eslint": "7.1.1",
      "babel-loader": "^6.2.10",
      "babel-plugin-dynamic-import-node": "1.0.0",
      "babel-plugin-react-intl": "2.2.0",
      "babel-plugin-react-transform": "2.0.2",
      "babel-plugin-transform-es2015-modules-commonjs": "6.18.0",
      "babel-plugin-transform-react-constant-elements": "6.9.1",
      "babel-plugin-transform-react-inline-elements": "6.8.0",
      "babel-plugin-transform-react-remove-prop-types": "0.2.11",
      "babel-preset-latest": "6.16.0",
      "babel-preset-react": "6.16.0",
      "babel-preset-react-hmre": "1.1.1",
      "babel-preset-stage-0": "6.16.0",
      "cheerio": "0.22.0",
      "circular-dependency-plugin": "2.0.0",
      "coveralls": "2.11.15",
      "css-loader": "0.26.1",
      "enzyme": "2.6.0",
      "eslint": "^3.11.1",
      "eslint-config-airbnb": "^13.0.0",
      "eslint-config-airbnb-base": "10.0.1",
      "eslint-import-resolver-webpack": "0.8.0",
      "eslint-loader": "^1.9.0",
      "eslint-plugin-import": "^2.7.0",
      "eslint-plugin-jsx-a11y": "^2.2.3",
      "eslint-plugin-react": "6.7.1",
      "eslint-plugin-redux-saga": "0.1.5",
      "eventsource-polyfill": "0.9.6",
      "exports-loader": "0.6.3",
      "extract-text-webpack-plugin": "^2.1.2",
      "faker": "^4.1.0",
      "file-loader": "0.9.0",
      "html-loader": "0.4.4",
      "html-webpack-plugin": "2.24.1",
      "image-webpack-loader": "2.0.0",
      "imports-loader": "0.6.5",
      "jest-cli": "18.0.0",
      "lint-staged": "3.2.1",
      "node-bourbon": "^4.2.8",
      "node-plop": "0.5.4",
      "node-sass": "^4.5.3",
      "normalize.css": "^7.0.0",
      "null-loader": "0.1.1",
      "offline-plugin": "4.5.2",
      "plop": "1.7.3",
      "pre-commit": "1.1.3",
      "randomcolor": "^0.5.3",
      "react-addons-perf": "^15.4.2",
      "react-addons-test-utils": "15.4.1",
      "react-css-modules": "^4.7.1",
      "react-hot-loader": "^1.3.1",
      "react-sidebar": "^2.3.2",
      "react-storybook-addon-chapters": "^2.1.0",
      "resolve-url": "^0.2.1",
      "resolve-url-loader": "^2.1.0",
      "rimraf": "2.5.4",
      "sass-loader": "^6.0.6",
      "shelljs": "0.7.5",
      "sinon": "2.0.0-pre",
      "style-loader": "0.13.1",
      "svg-url-loader": "^2.3.0",
      "url-loader": "0.5.7",
      "webpack": "2.2.0-rc.3",
      "webpack-dev-middleware": "1.9.0",
      "webpack-hot-middleware": "2.15.0"
    }
  }

yarn manifest: 
  No manifest

Lockfile: 
  No lockfile

Trace: 
  Error: EPERM: operation not permitted, open 'C:\Frontend\Work\domaweb-react\node_modules\lodash\_apply.js'
      at Error (native)
